<?xml version="1.0" encoding="UTF-8"?>
<!-- Generated by org.testng.reporters.JUnitReportReporter -->
<testsuite skipped="0" hostname="DESKTOP-2DR0QON" name="lisntercom_demo.Ebanbled_Demo" tests="2" failures="0" timestamp="29 Nov 2019 03:13:18 GMT" time="0.020" errors="0">
  <testcase name="openfacebook" time="0.014" classname="lisntercom_demo.Ebanbled_Demo"/>
  <testcase name="opengoogle" time="0.006" classname="lisntercom_demo.Ebanbled_Demo"/>
</testsuite> <!-- lisntercom_demo.Ebanbled_Demo -->
